<?xml version="1.0" encoding="UTF-8"?>
<testng-results skipped="0" failed="0" ignored="0" total="2" passed="2">
  <reporter-output>
  </reporter-output>
  <suite name="Default suite" duration-ms="23795" started-at="2018-07-17T04:10:28Z" finished-at="2018-07-17T04:10:52Z">
    <groups>
    </groups>
    <test name="Default test" duration-ms="23795" started-at="2018-07-17T04:10:28Z" finished-at="2018-07-17T04:10:52Z">
      <class name="com.jobapplication.PersonalInfoTest">
        <test-method status="PASS" signature="setUp()[pri:0, instance:com.jobapplication.PersonalInfoTest@2e6f1f48]" name="setUp" is-config="true" duration-ms="8056" started-at="2018-07-17T04:10:28Z" finished-at="2018-07-17T04:10:36Z">
          <reporter-output>
          </reporter-output>
        </test-method> <!-- setUp -->
        <test-method status="PASS" signature="navigateToHomePage()[pri:0, instance:com.jobapplication.PersonalInfoTest@2e6f1f48]" name="navigateToHomePage" is-config="true" duration-ms="2715" started-at="2018-07-17T04:10:36Z" finished-at="2018-07-17T04:10:39Z">
          <reporter-output>
          </reporter-output>
        </test-method> <!-- navigateToHomePage -->
        <test-method status="PASS" signature="fullNameEmptyTest()[pri:0, instance:com.jobapplication.PersonalInfoTest@2e6f1f48]" name="fullNameEmptyTest" duration-ms="314" started-at="2018-07-17T04:10:39Z" finished-at="2018-07-17T04:10:39Z">
          <reporter-output>
          </reporter-output>
        </test-method> <!-- fullNameEmptyTest -->
        <test-method status="PASS" signature="navigateToHomePage()[pri:0, instance:com.jobapplication.PersonalInfoTest@2e6f1f48]" name="navigateToHomePage" is-config="true" duration-ms="667" started-at="2018-07-17T04:10:39Z" finished-at="2018-07-17T04:10:40Z">
          <reporter-output>
          </reporter-output>
        </test-method> <!-- navigateToHomePage -->
        <test-method status="PASS" signature="submitFullApplication()[pri:0, instance:com.jobapplication.PersonalInfoTest@2e6f1f48]" name="submitFullApplication" duration-ms="11972" started-at="2018-07-17T04:10:40Z" finished-at="2018-07-17T04:10:52Z">
          <reporter-output>
          </reporter-output>
        </test-method> <!-- submitFullApplication -->
      </class> <!-- com.jobapplication.PersonalInfoTest -->
    </test> <!-- Default test -->
  </suite> <!-- Default suite -->
</testng-results>
