<?xml version="1.0" encoding="UTF-8"?>
<testng-results skipped="0" failed="0" ignored="0" total="1" passed="1">
  <reporter-output>
  </reporter-output>
  <suite name="Default suite" duration-ms="34813" started-at="2018-07-18T07:51:13Z" finished-at="2018-07-18T07:51:48Z">
    <groups>
    </groups>
    <test name="Default test" duration-ms="34813" started-at="2018-07-18T07:51:13Z" finished-at="2018-07-18T07:51:48Z">
      <class name="webElements.ZohoElement">
        <test-method status="PASS" signature="setUp()[pri:0, instance:webElements.ZohoElement@78e59b04]" name="setUp" is-config="true" duration-ms="10198" started-at="2018-07-18T07:51:13Z" finished-at="2018-07-18T07:51:23Z">
          <reporter-output>
          </reporter-output>
        </test-method> <!-- setUp -->
        <test-method status="PASS" signature="seleniumWebElementsForm()[pri:0, instance:webElements.ZohoElement@78e59b04]" name="seleniumWebElementsForm" duration-ms="24547" started-at="2018-07-18T07:51:23Z" finished-at="2018-07-18T07:51:48Z">
          <reporter-output>
          </reporter-output>
        </test-method> <!-- seleniumWebElementsForm -->
      </class> <!-- webElements.ZohoElement -->
    </test> <!-- Default test -->
  </suite> <!-- Default suite -->
</testng-results>
